<?xml version="1.0" encoding="UTF-8"?>
<!-- Generated by org.testng.reporters.JUnitReportReporter -->
<testsuite skipped="0" hostname="vamc" name="com.crm.qa.testdata.LoginPageTest" tests="3" failures="0" timestamp="21 Jan 2020 18:08:08 GMT" time="32.824" errors="0">
  <testcase name="LoginPageTitleTest" time="7.947" classname="com.crm.qa.testdata.LoginPageTest"/>
  <testcase name="ValidateCRMLogoTest" time="10.231" classname="com.crm.qa.testdata.LoginPageTest"/>
  <testcase name="LoginTest" time="14.646" classname="com.crm.qa.testdata.LoginPageTest"/>
</testsuite> <!-- com.crm.qa.testdata.LoginPageTest -->
