<?xml version="1.0" encoding="UTF-8"?>
<!-- Generated by org.testng.reporters.JUnitReportReporter -->
<testsuite skipped="0" hostname="vamc" name="com.crm.qa.testcases.CalendarPageTest" tests="1" failures="0" timestamp="27 Jan 2020 17:14:55 GMT" time="19.468" errors="0">
  <testcase name="verifyCalendarPageTest" time="19.468" classname="com.crm.qa.testcases.CalendarPageTest"/>
</testsuite> <!-- com.crm.qa.testcases.CalendarPageTest -->
