<?xml version="1.0" encoding="UTF-8"?>
<!-- Generated by org.testng.reporters.JUnitReportReporter -->
<testsuite skipped="1" hostname="vamc" name="com.crm.qa.testcases.ContactsPageTest" tests="2" failures="0" timestamp="02 Feb 2020 18:09:40 GMT" time="18.683" errors="0">
  <testcase name="verifyContactsPageTest" time="18.683" classname="com.crm.qa.testcases.ContactsPageTest"/>
  <testcase name="validateCreateNewContact" time="0.000" classname="com.crm.qa.testcases.ContactsPageTest">
    <skipped/>
  </testcase> <!-- validateCreateNewContact -->
</testsuite> <!-- com.crm.qa.testcases.ContactsPageTest -->
