<?xml version="1.0" encoding="UTF-8"?>
<!-- Generated by org.testng.reporters.JUnitReportReporter -->
<testsuite skipped="0" hostname="vamc" name="com.crm.qa.testcases.HomePageTest" tests="1" failures="0" timestamp="01 Feb 2020 17:00:18 GMT" time="22.868" errors="0">
  <testcase name="verifyHomePageTitleTest" time="22.868" classname="com.crm.qa.testcases.HomePageTest"/>
</testsuite> <!-- com.crm.qa.testcases.HomePageTest -->
