<?xml version="1.0" encoding="UTF-8"?>
<!-- Generated by org.testng.reporters.JUnitReportReporter -->
<testsuite skipped="0" hostname="vamc" name="com.crm.qa.testcases.LoginPageTest" tests="3" failures="0" timestamp="02 Feb 2020 18:10:53 GMT" time="38.067" errors="0">
  <testcase name="LoginPageTitleTest" time="10.903" classname="com.crm.qa.testcases.LoginPageTest"/>
  <testcase name="ValidateCRMLogoTest" time="8.375" classname="com.crm.qa.testcases.LoginPageTest"/>
  <testcase name="LoginTest" time="18.789" classname="com.crm.qa.testcases.LoginPageTest"/>
</testsuite> <!-- com.crm.qa.testcases.LoginPageTest -->
