<?xml version="1.0" encoding="UTF-8"?>
<!-- Generated by org.testng.reporters.JUnitReportReporter -->
<testsuite skipped="0" hostname="vamc" name="com.crm.qa.testcases.CalendarPageTest" tests="1" failures="0" timestamp="02 Feb 2020 16:52:22 GMT" time="33.739" errors="0">
  <testcase name="verifyCalendarPageTest" time="33.739" classname="com.crm.qa.testcases.CalendarPageTest"/>
</testsuite> <!-- com.crm.qa.testcases.CalendarPageTest -->
